<?xml version="1.0" encoding="UTF-8"?>
<!-- Generated by org.testng.reporters.JUnitReportReporter -->
<testsuite hostname="DEscarcegaF" name="org.webdriver.tests.ThirdTest" tests="2" failures="2" timestamp="26 Aug 2015 16:30:55 GMT" time="0.001" errors="0">
  <testcase name="verifyPageLEL" time="0.001" classname="org.webdriver.tests.ThirdTest">
    <failure type="org.testng.TestNGException" message="
Parameter &#039;baseUrl&#039; is required by @Configuration on method setUpProperties but has not been marked @Optional or defined
in C:\Users\User\Documents\4THSOURCE\Repository\WDG_v1\WDG\src\test\resources\testng.xml">
      <![CDATA[org.testng.TestNGException: 
Parameter 'baseUrl' is required by @Configuration on method setUpProperties but has not been marked @Optional or defined
in C:\Users\User\Documents\4THSOURCE\Repository\WDG_v1\WDG\src\test\resources\testng.xml
	at org.testng.internal.Parameters.createParameters(Parameters.java:155)
	at org.testng.internal.Parameters.createParameters(Parameters.java:355)
	at org.testng.internal.Parameters.createConfigurationParameters(Parameters.java:86)
	at org.testng.internal.Invoker.invokeConfigurations(Invoker.java:199)
	at org.testng.internal.Invoker.invokeConfigurations(Invoker.java:138)
	at org.testng.internal.TestMethodWorker.invokeBeforeClassMethods(TestMethodWorker.java:175)
	at org.testng.internal.TestMethodWorker.run(TestMethodWorker.java:107)
	at org.testng.TestRunner.privateRun(TestRunner.java:767)
	at org.testng.TestRunner.run(TestRunner.java:617)
	at org.testng.SuiteRunner.runTest(SuiteRunner.java:334)
	at org.testng.SuiteRunner.access$000(SuiteRunner.java:37)
	at org.testng.SuiteRunner$SuiteWorker.run(SuiteRunner.java:368)
	at org.testng.internal.thread.ThreadUtil$2.call(ThreadUtil.java:64)
	at java.util.concurrent.FutureTask.run(FutureTask.java:266)
	at java.util.concurrent.ThreadPoolExecutor.runWorker(ThreadPoolExecutor.java:1142)
	at java.util.concurrent.ThreadPoolExecutor$Worker.run(ThreadPoolExecutor.java:617)
	at java.lang.Thread.run(Thread.java:745)
]]>
    </failure>
  </testcase> <!-- verifyPageLEL -->
  <testcase name="verifyPageLEL2" time="0.000" classname="org.webdriver.tests.ThirdTest">
    <failure type="org.testng.TestNGException" message="
Parameter &#039;baseUrl&#039; is required by @Configuration on method setUpProperties but has not been marked @Optional or defined
in C:\Users\User\Documents\4THSOURCE\Repository\WDG_v1\WDG\src\test\resources\testng.xml">
      <![CDATA[org.testng.TestNGException: 
Parameter 'baseUrl' is required by @Configuration on method setUpProperties but has not been marked @Optional or defined
in C:\Users\User\Documents\4THSOURCE\Repository\WDG_v1\WDG\src\test\resources\testng.xml
	at org.testng.internal.Parameters.createParameters(Parameters.java:155)
	at org.testng.internal.Parameters.createParameters(Parameters.java:355)
	at org.testng.internal.Parameters.createConfigurationParameters(Parameters.java:86)
	at org.testng.internal.Invoker.invokeConfigurations(Invoker.java:199)
	at org.testng.internal.Invoker.invokeConfigurations(Invoker.java:138)
	at org.testng.internal.TestMethodWorker.invokeBeforeClassMethods(TestMethodWorker.java:175)
	at org.testng.internal.TestMethodWorker.run(TestMethodWorker.java:107)
	at org.testng.TestRunner.privateRun(TestRunner.java:767)
	at org.testng.TestRunner.run(TestRunner.java:617)
	at org.testng.SuiteRunner.runTest(SuiteRunner.java:334)
	at org.testng.SuiteRunner.access$000(SuiteRunner.java:37)
	at org.testng.SuiteRunner$SuiteWorker.run(SuiteRunner.java:368)
	at org.testng.internal.thread.ThreadUtil$2.call(ThreadUtil.java:64)
	at java.util.concurrent.FutureTask.run(FutureTask.java:266)
	at java.util.concurrent.ThreadPoolExecutor.runWorker(ThreadPoolExecutor.java:1142)
	at java.util.concurrent.ThreadPoolExecutor$Worker.run(ThreadPoolExecutor.java:617)
	at java.lang.Thread.run(Thread.java:745)
]]>
    </failure>
  </testcase> <!-- verifyPageLEL2 -->
</testsuite> <!-- org.webdriver.tests.ThirdTest -->
