<?xml version="1.0" encoding="UTF-8"?>
<testng-results skipped="7" failed="0" total="7" passed="0">
  <reporter-output>
  </reporter-output>
  <suite name="Suite" duration-ms="163" started-at="2015-08-26T16:30:55Z" finished-at="2015-08-26T16:30:55Z">
    <groups>
    </groups>
    <test name="FirstTest" duration-ms="91" started-at="2015-08-26T16:30:55Z" finished-at="2015-08-26T16:30:55Z">
      <class name="org.webdriver.tests.FirstTest">
        <test-method status="FAIL" signature="setUpProperties(java.lang.String, java.lang.String, java.lang.String, int)[pri:0, instance:org.webdriver.tests.FirstTest@45c8e616]" name="setUpProperties" is-config="true" duration-ms="0" started-at="2015-08-26T11:30:55Z" finished-at="2015-08-26T11:30:55Z">
          <exception class="org.testng.TestNGException">
            <message>
              <![CDATA[
Parameter 'baseUrl' is required by @Configuration on method setUpProperties but has not been marked @Optional or defined
in C:\Users\User\Documents\4THSOURCE\Repository\WDG_v1\WDG\src\test\resources\testng.xml]]>
            </message>
            <full-stacktrace>
              <![CDATA[org.testng.TestNGException: 
Parameter 'baseUrl' is required by @Configuration on method setUpProperties but has not been marked @Optional or defined
in C:\Users\User\Documents\4THSOURCE\Repository\WDG_v1\WDG\src\test\resources\testng.xml
	at org.testng.internal.Parameters.createParameters(Parameters.java:155)
	at org.testng.internal.Parameters.createParameters(Parameters.java:355)
	at org.testng.internal.Parameters.createConfigurationParameters(Parameters.java:86)
	at org.testng.internal.Invoker.invokeConfigurations(Invoker.java:199)
	at org.testng.internal.Invoker.invokeConfigurations(Invoker.java:138)
	at org.testng.internal.TestMethodWorker.invokeBeforeClassMethods(TestMethodWorker.java:175)
	at org.testng.internal.TestMethodWorker.run(TestMethodWorker.java:107)
	at org.testng.TestRunner.privateRun(TestRunner.java:767)
	at org.testng.TestRunner.run(TestRunner.java:617)
	at org.testng.SuiteRunner.runTest(SuiteRunner.java:334)
	at org.testng.SuiteRunner.access$000(SuiteRunner.java:37)
	at org.testng.SuiteRunner$SuiteWorker.run(SuiteRunner.java:368)
	at org.testng.internal.thread.ThreadUtil$2.call(ThreadUtil.java:64)
	at java.util.concurrent.FutureTask.run(FutureTask.java:266)
	at java.util.concurrent.ThreadPoolExecutor.runWorker(ThreadPoolExecutor.java:1142)
	at java.util.concurrent.ThreadPoolExecutor$Worker.run(ThreadPoolExecutor.java:617)
	at java.lang.Thread.run(Thread.java:745)
]]>
            </full-stacktrace>
          </exception> <!-- org.testng.TestNGException -->
          <reporter-output>
          </reporter-output>
        </test-method> <!-- setUpProperties -->
        <test-method status="SKIP" signature="verifyPageTitle()[pri:0, instance:org.webdriver.tests.FirstTest@45c8e616]" name="verifyPageTitle" duration-ms="6" started-at="2015-08-26T11:30:55Z" finished-at="2015-08-26T11:30:55Z">
          <reporter-output>
          </reporter-output>
        </test-method> <!-- verifyPageTitle -->
        <test-method status="SKIP" signature="verifyPageTitle2()[pri:0, instance:org.webdriver.tests.FirstTest@45c8e616]" name="verifyPageTitle2" duration-ms="2" started-at="2015-08-26T11:30:55Z" depends-on-methods="org.webdriver.tests.FirstTest.verifyPageTitle" finished-at="2015-08-26T11:30:55Z">
          <reporter-output>
          </reporter-output>
        </test-method> <!-- verifyPageTitle2 -->
        <test-method status="PASS" signature="tearDown()[pri:0, instance:org.webdriver.tests.FirstTest@45c8e616]" name="tearDown" is-config="true" duration-ms="7" started-at="2015-08-26T11:30:55Z" finished-at="2015-08-26T11:30:55Z">
          <reporter-output>
          </reporter-output>
        </test-method> <!-- tearDown -->
      </class> <!-- org.webdriver.tests.FirstTest -->
    </test> <!-- FirstTest -->
    <test name="SecondTest" duration-ms="17" started-at="2015-08-26T16:30:55Z" finished-at="2015-08-26T16:30:55Z">
      <class name="org.webdriver.tests.SecondTest">
        <test-method status="FAIL" signature="setUpProperties(java.lang.String, java.lang.String, java.lang.String, int)[pri:0, instance:org.webdriver.tests.SecondTest@b684286]" name="setUpProperties" is-config="true" duration-ms="0" started-at="2015-08-26T11:30:55Z" finished-at="2015-08-26T11:30:55Z">
          <exception class="org.testng.TestNGException">
            <message>
              <![CDATA[
Parameter 'baseUrl' is required by @Configuration on method setUpProperties but has not been marked @Optional or defined
in C:\Users\User\Documents\4THSOURCE\Repository\WDG_v1\WDG\src\test\resources\testng.xml]]>
            </message>
            <full-stacktrace>
              <![CDATA[org.testng.TestNGException: 
Parameter 'baseUrl' is required by @Configuration on method setUpProperties but has not been marked @Optional or defined
in C:\Users\User\Documents\4THSOURCE\Repository\WDG_v1\WDG\src\test\resources\testng.xml
	at org.testng.internal.Parameters.createParameters(Parameters.java:155)
	at org.testng.internal.Parameters.createParameters(Parameters.java:355)
	at org.testng.internal.Parameters.createConfigurationParameters(Parameters.java:86)
	at org.testng.internal.Invoker.invokeConfigurations(Invoker.java:199)
	at org.testng.internal.Invoker.invokeConfigurations(Invoker.java:138)
	at org.testng.internal.TestMethodWorker.invokeBeforeClassMethods(TestMethodWorker.java:175)
	at org.testng.internal.TestMethodWorker.run(TestMethodWorker.java:107)
	at org.testng.TestRunner.privateRun(TestRunner.java:767)
	at org.testng.TestRunner.run(TestRunner.java:617)
	at org.testng.SuiteRunner.runTest(SuiteRunner.java:334)
	at org.testng.SuiteRunner.access$000(SuiteRunner.java:37)
	at org.testng.SuiteRunner$SuiteWorker.run(SuiteRunner.java:368)
	at org.testng.internal.thread.ThreadUtil$2.call(ThreadUtil.java:64)
	at java.util.concurrent.FutureTask.run(FutureTask.java:266)
	at java.util.concurrent.ThreadPoolExecutor.runWorker(ThreadPoolExecutor.java:1142)
	at java.util.concurrent.ThreadPoolExecutor$Worker.run(ThreadPoolExecutor.java:617)
	at java.lang.Thread.run(Thread.java:745)
]]>
            </full-stacktrace>
          </exception> <!-- org.testng.TestNGException -->
          <reporter-output>
          </reporter-output>
        </test-method> <!-- setUpProperties -->
        <test-method status="SKIP" signature="verifyPageURL()[pri:0, instance:org.webdriver.tests.SecondTest@b684286]" name="verifyPageURL" duration-ms="2" started-at="2015-08-26T11:30:55Z" finished-at="2015-08-26T11:30:55Z">
          <reporter-output>
          </reporter-output>
        </test-method> <!-- verifyPageURL -->
        <test-method status="SKIP" signature="verifyPageURL2()[pri:0, instance:org.webdriver.tests.SecondTest@b684286]" name="verifyPageURL2" duration-ms="2" started-at="2015-08-26T11:30:55Z" depends-on-methods="org.webdriver.tests.SecondTest.verifyPageURL" finished-at="2015-08-26T11:30:55Z">
          <reporter-output>
          </reporter-output>
        </test-method> <!-- verifyPageURL2 -->
        <test-method status="SKIP" signature="verifyPageURL3()[pri:0, instance:org.webdriver.tests.SecondTest@b684286]" name="verifyPageURL3" duration-ms="0" started-at="2015-08-26T11:30:55Z" depends-on-methods="org.webdriver.tests.SecondTest.verifyPageURL2" finished-at="2015-08-26T11:30:55Z">
          <reporter-output>
          </reporter-output>
        </test-method> <!-- verifyPageURL3 -->
        <test-method status="PASS" signature="tearDown()[pri:0, instance:org.webdriver.tests.SecondTest@b684286]" name="tearDown" is-config="true" duration-ms="0" started-at="2015-08-26T11:30:55Z" finished-at="2015-08-26T11:30:55Z">
          <reporter-output>
          </reporter-output>
        </test-method> <!-- tearDown -->
      </class> <!-- org.webdriver.tests.SecondTest -->
    </test> <!-- SecondTest -->
    <test name="ThirdTest" duration-ms="6" started-at="2015-08-26T16:30:55Z" finished-at="2015-08-26T16:30:55Z">
      <class name="org.webdriver.tests.ThirdTest">
        <test-method status="FAIL" signature="setUpProperties(java.lang.String, java.lang.String, java.lang.String, int)[pri:0, instance:org.webdriver.tests.ThirdTest@5b464ce8]" name="setUpProperties" is-config="true" duration-ms="0" started-at="2015-08-26T11:30:55Z" finished-at="2015-08-26T11:30:55Z">
          <exception class="org.testng.TestNGException">
            <message>
              <![CDATA[
Parameter 'baseUrl' is required by @Configuration on method setUpProperties but has not been marked @Optional or defined
in C:\Users\User\Documents\4THSOURCE\Repository\WDG_v1\WDG\src\test\resources\testng.xml]]>
            </message>
            <full-stacktrace>
              <![CDATA[org.testng.TestNGException: 
Parameter 'baseUrl' is required by @Configuration on method setUpProperties but has not been marked @Optional or defined
in C:\Users\User\Documents\4THSOURCE\Repository\WDG_v1\WDG\src\test\resources\testng.xml
	at org.testng.internal.Parameters.createParameters(Parameters.java:155)
	at org.testng.internal.Parameters.createParameters(Parameters.java:355)
	at org.testng.internal.Parameters.createConfigurationParameters(Parameters.java:86)
	at org.testng.internal.Invoker.invokeConfigurations(Invoker.java:199)
	at org.testng.internal.Invoker.invokeConfigurations(Invoker.java:138)
	at org.testng.internal.TestMethodWorker.invokeBeforeClassMethods(TestMethodWorker.java:175)
	at org.testng.internal.TestMethodWorker.run(TestMethodWorker.java:107)
	at org.testng.TestRunner.privateRun(TestRunner.java:767)
	at org.testng.TestRunner.run(TestRunner.java:617)
	at org.testng.SuiteRunner.runTest(SuiteRunner.java:334)
	at org.testng.SuiteRunner.access$000(SuiteRunner.java:37)
	at org.testng.SuiteRunner$SuiteWorker.run(SuiteRunner.java:368)
	at org.testng.internal.thread.ThreadUtil$2.call(ThreadUtil.java:64)
	at java.util.concurrent.FutureTask.run(FutureTask.java:266)
	at java.util.concurrent.ThreadPoolExecutor.runWorker(ThreadPoolExecutor.java:1142)
	at java.util.concurrent.ThreadPoolExecutor$Worker.run(ThreadPoolExecutor.java:617)
	at java.lang.Thread.run(Thread.java:745)
]]>
            </full-stacktrace>
          </exception> <!-- org.testng.TestNGException -->
          <reporter-output>
          </reporter-output>
        </test-method> <!-- setUpProperties -->
        <test-method status="SKIP" signature="verifyPageLEL()[pri:0, instance:org.webdriver.tests.ThirdTest@5b464ce8]" name="verifyPageLEL" duration-ms="1" started-at="2015-08-26T11:30:55Z" finished-at="2015-08-26T11:30:55Z">
          <reporter-output>
          </reporter-output>
        </test-method> <!-- verifyPageLEL -->
        <test-method status="SKIP" signature="verifyPageLEL2()[pri:0, instance:org.webdriver.tests.ThirdTest@5b464ce8]" name="verifyPageLEL2" duration-ms="0" started-at="2015-08-26T11:30:55Z" depends-on-methods="org.webdriver.tests.ThirdTest.verifyPageLEL" finished-at="2015-08-26T11:30:55Z">
          <reporter-output>
          </reporter-output>
        </test-method> <!-- verifyPageLEL2 -->
        <test-method status="PASS" signature="tearDown()[pri:0, instance:org.webdriver.tests.ThirdTest@5b464ce8]" name="tearDown" is-config="true" duration-ms="0" started-at="2015-08-26T11:30:55Z" finished-at="2015-08-26T11:30:55Z">
          <reporter-output>
          </reporter-output>
        </test-method> <!-- tearDown -->
      </class> <!-- org.webdriver.tests.ThirdTest -->
    </test> <!-- ThirdTest -->
  </suite> <!-- Suite -->
</testng-results>
