<?xml version="1.0" encoding="UTF-8"?>
<!-- Generated by org.testng.reporters.JUnitXMLReporter -->
<testsuite hostname="DEscarcegaF" name="FirstTest" tests="2" failures="1" timestamp="21 Aug 2015 20:31:24 GMT" time="10.395" errors="0">
  <testcase name="verifyPageTitle" time="0.304" classname="org.webdriver.tests.FirstTest"/>
  <testcase name="verifyPageTitle2" time="0.022" classname="org.webdriver.tests.FirstTest">
    <failure type="java.lang.AssertionError" message="null">
      <![CDATA[java.lang.AssertionError: null
	at org.webdriver.tests.FirstTest.verifyPageTitle2(FirstTest.java:27)
... Removed 28 stack frames]]>
    </failure>
  </testcase> <!-- verifyPageTitle2 -->
</testsuite> <!-- FirstTest -->
